<?xml version="1.0" encoding="UTF-8"?>
<!-- Generated by org.testng.reporters.JUnitReportReporter -->
<testsuite hostname="DESKTOP-2SIODJT" failures="0" tests="1" name="erp.testcases.SalesTest" time="51.388" errors="0" timestamp="2023-11-23T11:47:41 ICT" skipped="0">
  <testcase classname="erp.testcases.SalesTest" name="test" time="51.388"/>
  <system-out/>
</testsuite> <!-- erp.testcases.SalesTest -->
