<?xml version="1.0" encoding="UTF-8"?>
<!-- Generated by org.testng.reporters.JUnitReportReporter -->
<testsuite hostname="DESKTOP-2SIODJT" failures="0" tests="5" name="erp.testcases.SignIn.SignInTest" time="137.157" errors="0" timestamp="2023-12-11T14:34:11 ICT" skipped="0">
  <testcase classname="erp.testcases.SignIn.SignInTest" name="signInWithEmailNull" time="24.548"/>
  <system-out/>
  <testcase classname="erp.testcases.SignIn.SignInTest" name="sigInWithPasswordNull" time="45.241"/>
  <system-out/>
  <testcase classname="erp.testcases.SignIn.SignInTest" name="siginWrongPassOrEmail" time="33.901"/>
  <system-out/>
  <testcase classname="erp.testcases.SignIn.SignInTest" name="signInTest" time="1.228"/>
  <system-out/>
  <testcase classname="erp.testcases.SignIn.SignInTest" name="signInWithInactiveAccount" time="32.239"/>
  <system-out/>
</testsuite> <!-- erp.testcases.SignIn.SignInTest -->
