<?xml version="1.0" encoding="UTF-8"?>
<!-- Generated by org.testng.reporters.JUnitReportReporter -->
<testsuite hostname="DESKTOP-2SIODJT" failures="0" tests="5" name="erp.testcases.SignInTest" time="89.656" errors="0" timestamp="2023-12-11T17:21:42 ICT" skipped="0">
  <testcase classname="erp.testcases.SignInTest" name="sigInWithPasswordNull" time="17.052"/>
  <system-out/>
  <testcase classname="erp.testcases.SignInTest" name="signInWithEmailNull" time="9.892"/>
  <system-out/>
  <testcase classname="erp.testcases.SignInTest" name="siginWrongPassOrEmail" time="23.941"/>
  <system-out/>
  <testcase classname="erp.testcases.SignInTest" name="signInTest" time="10.452"/>
  <system-out/>
  <testcase classname="erp.testcases.SignInTest" name="signInWithInactiveAccount" time="28.319"/>
  <system-out/>
</testsuite> <!-- erp.testcases.SignInTest -->
