<?xml version="1.0" encoding="UTF-8"?>
<!-- Generated by org.testng.reporters.JUnitReportReporter -->
<testsuite hostname="DESKTOP-2SIODJT" failures="0" tests="2" name="erp.testcases.DashboardTest" time="60.578" errors="0" timestamp="2023-12-11T17:21:42 ICT" skipped="0">
  <testcase classname="erp.testcases.DashboardTest" name="verifyRealcompany" time="30.796"/>
  <system-out/>
  <testcase classname="erp.testcases.DashboardTest" name="verifyDemocompany" time="29.782"/>
  <system-out/>
</testsuite> <!-- erp.testcases.DashboardTest -->
