<?xml version="1.0" encoding="UTF-8"?>
<!-- Generated by org.testng.reporters.JUnitReportReporter -->
<testsuite hostname="DESKTOP-2SIODJT" failures="0" tests="7" name="erp.testcases.CompanyListTest" time="271.874" errors="0" timestamp="2023-12-11T17:21:42 ICT" skipped="0">
  <testcase classname="erp.testcases.CompanyListTest" name="verifyElements" time="28.739"/>
  <system-out/>
  <testcase classname="erp.testcases.CompanyListTest" name="verifyCompanyListNotNull" time="32.453"/>
  <system-out/>
  <testcase classname="erp.testcases.CompanyListTest" name="verifyCompanyListNull" time="64.273"/>
  <system-out/>
  <testcase classname="erp.testcases.CompanyListTest" name="verifyGoToEditDemoCompanyPage" time="37.134"/>
  <system-out/>
  <testcase classname="erp.testcases.CompanyListTest" name="verifyGoToEditRealCompanyPage" time="36.988"/>
  <system-out/>
  <testcase classname="erp.testcases.CompanyListTest" name="verifyDeleteRealCompany" time="35.560"/>
  <system-out/>
  <testcase classname="erp.testcases.CompanyListTest" name="verifyDeleteDemoCompany" time="36.727"/>
  <system-out/>
</testsuite> <!-- erp.testcases.CompanyListTest -->
