<?xml version="1.0" encoding="UTF-8"?>
<!-- Generated by org.testng.reporters.JUnitReportReporter -->
<testsuite hostname="DESKTOP-2SIODJT" failures="0" tests="7" name="erp.testcases.CompanyList.CompanyListTest" time="1446.634" errors="0" timestamp="2024-01-12T14:43:22 ICT" skipped="0">
  <testcase classname="erp.testcases.CompanyList.CompanyListTest" name="verifyElements" time="167.486"/>
  <system-out/>
  <testcase classname="erp.testcases.CompanyList.CompanyListTest" name="verifyCompanyListNull" time="208.608"/>
  <system-out/>
  <testcase classname="erp.testcases.CompanyList.CompanyListTest" name="verifyCompanyListNotNull" time="243.112"/>
  <system-out/>
  <testcase classname="erp.testcases.CompanyList.CompanyListTest" name="verifyGoToEditDemoCompanyPage" time="214.023"/>
  <system-out/>
  <testcase classname="erp.testcases.CompanyList.CompanyListTest" name="verifyGoToEditRealCompanyPage" time="214.957"/>
  <system-out/>
  <testcase classname="erp.testcases.CompanyList.CompanyListTest" name="verifyDeleteDemoCompany" time="216.118"/>
  <system-out/>
  <testcase classname="erp.testcases.CompanyList.CompanyListTest" name="verifyDeleteRealCompany" time="182.330"/>
  <system-out/>
</testsuite> <!-- erp.testcases.CompanyList.CompanyListTest -->
